Abort(1614479) on node 0 (rank 0 in comm 0): Fatal error in PMPI_Init_thread: Unknown error class, error stack:
MPIR_Init_thread(189)............: 
MPID_Init(1561)..................: 
MPIDI_OFI_mpi_init_hook(1674)....: 
insert_addr_table_roots_only(472): OFI get address vector map failed
Abort(1614479) on node 0 (rank 0 in comm 0): Fatal error in PMPI_Init_thread: Unknown error class, error stack:
MPIR_Init_thread(189)............: 
MPID_Init(1561)..................: 
MPIDI_OFI_mpi_init_hook(1674)....: 
insert_addr_table_roots_only(472): OFI get address vector map failed
Abort(1614479) on node 0 (rank 0 in comm 0): Fatal error in PMPI_Init_thread: Unknown error class, error stack:
MPIR_Init_thread(189)............: 
MPID_Init(1561)..................: 
MPIDI_OFI_mpi_init_hook(1674)....: 
insert_addr_table_roots_only(472): OFI get address vector map failed
Abort(1614479) on node 0 (rank 0 in comm 0): Fatal error in PMPI_Init_thread: Unknown error class, error stack:
MPIR_Init_thread(189)............: 
MPID_Init(1561)..................: 
MPIDI_OFI_mpi_init_hook(1674)....: 
insert_addr_table_roots_only(472): OFI get address vector map failed
Abort(1614479) on node 0 (rank 0 in comm 0): Fatal error in PMPI_Init_thread: Unknown error class, error stack:
MPIR_Init_thread(189)............: 
MPID_Init(1561)..................: 
MPIDI_OFI_mpi_init_hook(1674)....: 
insert_addr_table_roots_only(472): OFI get address vector map failed
Abort(1614479) on node 0 (rank 0 in comm 0): Fatal error in PMPI_Init_thread: Unknown error class, error stack:
MPIR_Init_thread(189)............: 
MPID_Init(1561)..................: 
MPIDI_OFI_mpi_init_hook(1674)....: 
insert_addr_table_roots_only(472): OFI get address vector map failed
Abort(1614479) on node 0 (rank 0 in comm 0): Fatal error in PMPI_Init_thread: Unknown error class, error stack:
MPIR_Init_thread(189)............: 
MPID_Init(1561)..................: 
MPIDI_OFI_mpi_init_hook(1674)....: 
insert_addr_table_roots_only(472): OFI get address vector map failed
Abort(1614479) on node 0 (rank 0 in comm 0): Fatal error in PMPI_Init_thread: Unknown error class, error stack:
MPIR_Init_thread(189)............: 
MPID_Init(1561)..................: 
MPIDI_OFI_mpi_init_hook(1674)....: 
insert_addr_table_roots_only(472): OFI get address vector map failed
Abort(1614479) on node 0 (rank 0 in comm 0): Fatal error in PMPI_Init_thread: Unknown error class, error stack:
MPIR_Init_thread(189)............: 
MPID_Init(1561)..................: 
MPIDI_OFI_mpi_init_hook(1674)....: 
insert_addr_table_roots_only(472): OFI get address vector map failed
Abort(1614479) on node 0 (rank 0 in comm 0): Fatal error in PMPI_Init_thread: Unknown error class, error stack:
MPIR_Init_thread(189)............: 
MPID_Init(1561)..................: 
MPIDI_OFI_mpi_init_hook(1674)....: 
insert_addr_table_roots_only(472): OFI get address vector map failed
Abort(1614479) on node 0 (rank 0 in comm 0): Fatal error in PMPI_Init_thread: Unknown error class, error stack:
MPIR_Init_thread(189)............: 
MPID_Init(1561)..................: 
MPIDI_OFI_mpi_init_hook(1674)....: 
insert_addr_table_roots_only(472): OFI get address vector map failed
Abort(1614479) on node 0 (rank 0 in comm 0): Fatal error in PMPI_Init_thread: Unknown error class, error stack:
MPIR_Init_thread(189)............: 
MPID_Init(1561)..................: 
MPIDI_OFI_mpi_init_hook(1674)....: 
insert_addr_table_roots_only(472): OFI get address vector map failed
Abort(1614479) on node 0 (rank 0 in comm 0): Fatal error in PMPI_Init_thread: Unknown error class, error stack:
MPIR_Init_thread(189)............: 
MPID_Init(1561)..................: 
MPIDI_OFI_mpi_init_hook(1674)....: 
insert_addr_table_roots_only(472): OFI get address vector map failed
Abort(1614479) on node 0 (rank 0 in comm 0): Fatal error in PMPI_Init_thread: Unknown error class, error stack:
MPIR_Init_thread(189)............: 
MPID_Init(1561)..................: 
MPIDI_OFI_mpi_init_hook(1674)....: 
insert_addr_table_roots_only(472): OFI get address vector map failed
Abort(1614479) on node 0 (rank 0 in comm 0): Fatal error in PMPI_Init_thread: Unknown error class, error stack:
MPIR_Init_thread(189)............: 
MPID_Init(1561)..................: 
MPIDI_OFI_mpi_init_hook(1674)....: 
insert_addr_table_roots_only(472): OFI get address vector map failed
Abort(1614479) on node 0 (rank 0 in comm 0): Fatal error in PMPI_Init_thread: Unknown error class, error stack:
MPIR_Init_thread(189)............: 
MPID_Init(1561)..................: 
MPIDI_OFI_mpi_init_hook(1674)....: 
insert_addr_table_roots_only(472): OFI get address vector map failed
Abort(1614479) on node 0 (rank 0 in comm 0): Fatal error in PMPI_Init_thread: Unknown error class, error stack:
MPIR_Init_thread(189)............: 
MPID_Init(1561)..................: 
MPIDI_OFI_mpi_init_hook(1674)....: 
insert_addr_table_roots_only(472): OFI get address vector map failed
Abort(1614479) on node 0 (rank 0 in comm 0): Fatal error in PMPI_Init_thread: Unknown error class, error stack:
MPIR_Init_thread(189)............: 
MPID_Init(1561)..................: 
MPIDI_OFI_mpi_init_hook(1674)....: 
insert_addr_table_roots_only(472): OFI get address vector map failed
Abort(1614479) on node 0 (rank 0 in comm 0): Fatal error in PMPI_Init_thread: Unknown error class, error stack:
MPIR_Init_thread(189)............: 
MPID_Init(1561)..................: 
MPIDI_OFI_mpi_init_hook(1674)....: 
insert_addr_table_roots_only(472): OFI get address vector map failed
Abort(1614479) on node 0 (rank 0 in comm 0): Fatal error in PMPI_Init_thread: Unknown error class, error stack:
MPIR_Init_thread(189)............: 
MPID_Init(1561)..................: 
MPIDI_OFI_mpi_init_hook(1674)....: 
insert_addr_table_roots_only(472): OFI get address vector map failed
Abort(1614479) on node 0 (rank 0 in comm 0): Fatal error in PMPI_Init_thread: Unknown error class, error stack:
MPIR_Init_thread(189)............: 
MPID_Init(1561)..................: 
MPIDI_OFI_mpi_init_hook(1674)....: 
insert_addr_table_roots_only(472): OFI get address vector map failed
Abort(1614479) on node 0 (rank 0 in comm 0): Fatal error in PMPI_Init_thread: Unknown error class, error stack:
MPIR_Init_thread(189)............: 
MPID_Init(1561)..................: 
MPIDI_OFI_mpi_init_hook(1674)....: 
insert_addr_table_roots_only(472): OFI get address vector map failed
Abort(1614479) on node 0 (rank 0 in comm 0): Fatal error in PMPI_Init_thread: Unknown error class, error stack:
MPIR_Init_thread(189)............: 
MPID_Init(1561)..................: 
MPIDI_OFI_mpi_init_hook(1674)....: 
insert_addr_table_roots_only(472): OFI get address vector map failed
Abort(1614479) on node 0 (rank 0 in comm 0): Fatal error in PMPI_Init_thread: Unknown error class, error stack:
MPIR_Init_thread(189)............: 
MPID_Init(1561)..................: 
MPIDI_OFI_mpi_init_hook(1674)....: 
insert_addr_table_roots_only(472): OFI get address vector map failed
Abort(1614479) on node 0 (rank 0 in comm 0): Fatal error in PMPI_Init_thread: Unknown error class, error stack:
MPIR_Init_thread(189)............: 
MPID_Init(1561)..................: 
MPIDI_OFI_mpi_init_hook(1674)....: 
insert_addr_table_roots_only(472): OFI get address vector map failed
Abort(1614479) on node 0 (rank 0 in comm 0): Fatal error in PMPI_Init_thread: Unknown error class, error stack:
MPIR_Init_thread(189)............: 
MPID_Init(1561)..................: 
MPIDI_OFI_mpi_init_hook(1674)....: 
insert_addr_table_roots_only(472): OFI get address vector map failed
Abort(1614479) on node 0 (rank 0 in comm 0): Fatal error in PMPI_Init_thread: Unknown error class, error stack:
MPIR_Init_thread(189)............: 
MPID_Init(1561)..................: 
MPIDI_OFI_mpi_init_hook(1674)....: 
insert_addr_table_roots_only(472): OFI get address vector map failed
Abort(1614479) on node 0 (rank 0 in comm 0): Fatal error in PMPI_Init_thread: Unknown error class, error stack:
MPIR_Init_thread(189)............: 
MPID_Init(1561)..................: 
MPIDI_OFI_mpi_init_hook(1674)....: 
insert_addr_table_roots_only(472): OFI get address vector map failed
Abort(1614479) on node 0 (rank 0 in comm 0): Fatal error in PMPI_Init_thread: Unknown error class, error stack:
MPIR_Init_thread(189)............: 
MPID_Init(1561)..................: 
MPIDI_OFI_mpi_init_hook(1674)....: 
insert_addr_table_roots_only(472): OFI get address vector map failed
Abort(1614479) on node 0 (rank 0 in comm 0): Fatal error in PMPI_Init_thread: Unknown error class, error stack:
MPIR_Init_thread(189)............: 
MPID_Init(1561)..................: 
MPIDI_OFI_mpi_init_hook(1674)....: 
insert_addr_table_roots_only(472): OFI get address vector map failed
Abort(1614479) on node 0 (rank 0 in comm 0): Fatal error in PMPI_Init_thread: Unknown error class, error stack:
MPIR_Init_thread(189)............: 
MPID_Init(1561)..................: 
MPIDI_OFI_mpi_init_hook(1674)....: 
insert_addr_table_roots_only(472): OFI get address vector map failed
Abort(1614479) on node 0 (rank 0 in comm 0): Fatal error in PMPI_Init_thread: Unknown error class, error stack:
MPIR_Init_thread(189)............: 
MPID_Init(1561)..................: 
MPIDI_OFI_mpi_init_hook(1674)....: 
insert_addr_table_roots_only(472): OFI get address vector map failed
Abort(1614479) on node 0 (rank 0 in comm 0): Fatal error in PMPI_Init_thread: Unknown error class, error stack:
MPIR_Init_thread(189)............: 
MPID_Init(1561)..................: 
MPIDI_OFI_mpi_init_hook(1674)....: 
insert_addr_table_roots_only(472): OFI get address vector map failed
Abort(1614479) on node 0 (rank 0 in comm 0): Fatal error in PMPI_Init_thread: Unknown error class, error stack:
MPIR_Init_thread(189)............: 
MPID_Init(1561)..................: 
MPIDI_OFI_mpi_init_hook(1674)....: 
insert_addr_table_roots_only(472): OFI get address vector map failed
Abort(1614479) on node 0 (rank 0 in comm 0): Fatal error in PMPI_Init_thread: Unknown error class, error stack:
MPIR_Init_thread(189)............: 
MPID_Init(1561)..................: 
MPIDI_OFI_mpi_init_hook(1674)....: 
insert_addr_table_roots_only(472): OFI get address vector map failed
Abort(1614479) on node 0 (rank 0 in comm 0): Fatal error in PMPI_Init_thread: Unknown error class, error stack:
MPIR_Init_thread(189)............: 
MPID_Init(1561)..................: 
MPIDI_OFI_mpi_init_hook(1674)....: 
insert_addr_table_roots_only(472): OFI get address vector map failed
Abort(1614479) on node 0 (rank 0 in comm 0): Fatal error in PMPI_Init_thread: Unknown error class, error stack:
MPIR_Init_thread(189)............: 
MPID_Init(1561)..................: 
MPIDI_OFI_mpi_init_hook(1674)....: 
insert_addr_table_roots_only(472): OFI get address vector map failed
Abort(1614479) on node 0 (rank 0 in comm 0): Fatal error in PMPI_Init_thread: Unknown error class, error stack:
MPIR_Init_thread(189)............: 
MPID_Init(1561)..................: 
MPIDI_OFI_mpi_init_hook(1674)....: 
insert_addr_table_roots_only(472): OFI get address vector map failed
Abort(1614479) on node 0 (rank 0 in comm 0): Fatal error in PMPI_Init_thread: Unknown error class, error stack:
MPIR_Init_thread(189)............: 
MPID_Init(1561)..................: 
MPIDI_OFI_mpi_init_hook(1674)....: 
insert_addr_table_roots_only(472): OFI get address vector map failed
Abort(1614479) on node 0 (rank 0 in comm 0): Fatal error in PMPI_Init_thread: Unknown error class, error stack:
MPIR_Init_thread(189)............: 
MPID_Init(1561)..................: 
MPIDI_OFI_mpi_init_hook(1674)....: 
insert_addr_table_roots_only(472): OFI get address vector map failed
Abort(1614479) on node 0 (rank 0 in comm 0): Fatal error in PMPI_Init_thread: Unknown error class, error stack:
MPIR_Init_thread(189)............: 
MPID_Init(1561)..................: 
MPIDI_OFI_mpi_init_hook(1674)....: 
insert_addr_table_roots_only(472): OFI get address vector map failed
Abort(1614479) on node 0 (rank 0 in comm 0): Fatal error in PMPI_Init_thread: Unknown error class, error stack:
MPIR_Init_thread(189)............: 
MPID_Init(1561)..................: 
MPIDI_OFI_mpi_init_hook(1674)....: 
insert_addr_table_roots_only(472): OFI get address vector map failed
Abort(1614479) on node 0 (rank 0 in comm 0): Fatal error in PMPI_Init_thread: Unknown error class, error stack:
MPIR_Init_thread(189)............: 
MPID_Init(1561)..................: 
MPIDI_OFI_mpi_init_hook(1674)....: 
insert_addr_table_roots_only(472): OFI get address vector map failed
Abort(1614479) on node 0 (rank 0 in comm 0): Fatal error in PMPI_Init_thread: Unknown error class, error stack:
MPIR_Init_thread(189)............: 
MPID_Init(1561)..................: 
MPIDI_OFI_mpi_init_hook(1674)....: 
insert_addr_table_roots_only(472): OFI get address vector map failed
Abort(1614479) on node 0 (rank 0 in comm 0): Fatal error in PMPI_Init_thread: Unknown error class, error stack:
MPIR_Init_thread(189)............: 
MPID_Init(1561)..................: 
MPIDI_OFI_mpi_init_hook(1674)....: 
insert_addr_table_roots_only(472): OFI get address vector map failed
Abort(1614479) on node 0 (rank 0 in comm 0): Fatal error in PMPI_Init_thread: Unknown error class, error stack:
MPIR_Init_thread(189)............: 
MPID_Init(1561)..................: 
MPIDI_OFI_mpi_init_hook(1674)....: 
insert_addr_table_roots_only(472): OFI get address vector map failed
Abort(1614479) on node 0 (rank 0 in comm 0): Fatal error in PMPI_Init_thread: Unknown error class, error stack:
MPIR_Init_thread(189)............: 
MPID_Init(1561)..................: 
MPIDI_OFI_mpi_init_hook(1674)....: 
insert_addr_table_roots_only(472): OFI get address vector map failed
Abort(1614479) on node 0 (rank 0 in comm 0): Fatal error in PMPI_Init_thread: Unknown error class, error stack:
MPIR_Init_thread(189)............: 
MPID_Init(1561)..................: 
MPIDI_OFI_mpi_init_hook(1674)....: 
insert_addr_table_roots_only(472): OFI get address vector map failed
Abort(1614479) on node 0 (rank 0 in comm 0): Fatal error in PMPI_Init_thread: Unknown error class, error stack:
MPIR_Init_thread(189)............: 
MPID_Init(1561)..................: 
MPIDI_OFI_mpi_init_hook(1674)....: 
insert_addr_table_roots_only(472): OFI get address vector map failed
Abort(1614479) on node 0 (rank 0 in comm 0): Fatal error in PMPI_Init_thread: Unknown error class, error stack:
MPIR_Init_thread(189)............: 
MPID_Init(1561)..................: 
MPIDI_OFI_mpi_init_hook(1674)....: 
insert_addr_table_roots_only(472): OFI get address vector map failed
Abort(1614479) on node 0 (rank 0 in comm 0): Fatal error in PMPI_Init_thread: Unknown error class, error stack:
MPIR_Init_thread(189)............: 
MPID_Init(1561)..................: 
MPIDI_OFI_mpi_init_hook(1674)....: 
insert_addr_table_roots_only(472): OFI get address vector map failed
